[    0.000000] Initializing cgroup subsys cpuset
[    0.000000] Initializing cgroup subsys cpu
[    0.000000] Initializing cgroup subsys cpuacct
[    0.000000] Linux version 4.4.0-165-generic (buildd@lgw01-amd64-027) (gcc version 5.4.0 20160609 (Ubuntu 5.4.0-6ubuntu1~16.04.10) ) #193-Ubuntu SMP Tue Sep 17 17:42:52 UTC 2019 (Ubuntu 4.4.0-165.193-generic 4.4.189)
[    0.000000] Command line: BOOT_IMAGE=/boot/vmlinuz-4.4.0-165-generic root=LABEL=cloudimg-rootfs ro console=tty1 console=ttyS0
[    0.000000] KERNEL supported cpus:
[    0.000000]   Intel GenuineIntel
[    0.000000]   AMD AuthenticAMD
[    0.000000]   Centaur CentaurHauls
[    0.000000] x86/fpu: xstate_offset[2]:  576, xstate_sizes[2]:  256
[    0.000000] x86/fpu: Supporting XSAVE feature 0x01: 'x87 floating point registers'
[    0.000000] x86/fpu: Supporting XSAVE feature 0x02: 'SSE registers'
[    0.000000] x86/fpu: Supporting XSAVE feature 0x04: 'AVX registers'
[    0.000000] x86/fpu: Enabled xstate features 0x7, context size is 832 bytes, using 'standard' format.
[    0.000000] e820: BIOS-provided physical RAM map:
[    0.000000] BIOS-e820: [mem 0x0000000000000000-0x000000000009fbff] usable
[    0.000000] BIOS-e820: [mem 0x000000000009fc00-0x000000000009ffff] reserved
[    0.000000] BIOS-e820: [mem 0x00000000000f0000-0x00000000000fffff] reserved
[    0.000000] BIOS-e820: [mem 0x0000000000100000-0x000000003ffeffff] usable
[    0.000000] BIOS-e820: [mem 0x000000003fff0000-0x000000003fffffff] ACPI data
[    0.000000] BIOS-e820: [mem 0x00000000fec00000-0x00000000fec00fff] reserved
[    0.000000] BIOS-e820: [mem 0x00000000fee00000-0x00000000fee00fff] reserved
[    0.000000] BIOS-e820: [mem 0x00000000fffc0000-0x00000000ffffffff] reserved
[    0.000000] NX (Execute Disable) protection: active
[    0.000000] SMBIOS 2.5 present.
[    0.000000] Hypervisor detected: KVM
[    0.000000] e820: last_pfn = 0x3fff0 max_arch_pfn = 0x400000000
[    0.000000] MTRR: Disabled
[    0.000000] x86/PAT: MTRRs disabled, skipping PAT initialization too.
[    0.000000] CPU MTRRs all blank - virtualized system.
[    0.000000] x86/PAT: Configuration [0-7]: WB  WT  UC- UC  WB  WT  UC- UC  
[    0.000000] found SMP MP-table at [mem 0x0009fff0-0x0009ffff] mapped at [ffff88000009fff0]
[    0.000000] Scanning 1 areas for low memory corruption
[    0.000000] RAMDISK: [mem 0x362fa000-0x37174fff]
[    0.000000] ACPI: Early table checksum verification disabled
[    0.000000] ACPI: RSDP 0x00000000000E0000 000024 (v02 VBOX  )
[    0.000000] ACPI: XSDT 0x000000003FFF0030 00003C (v01 VBOX   VBOXXSDT 00000001 ASL  00000061)
[    0.000000] ACPI: FACP 0x000000003FFF00F0 0000F4 (v04 VBOX   VBOXFACP 00000001 ASL  00000061)
[    0.000000] ACPI: DSDT 0x000000003FFF0470 0022EA (v02 VBOX   VBOXBIOS 00000002 INTL 20100528)
[    0.000000] ACPI: FACS 0x000000003FFF0200 000040
[    0.000000] ACPI: FACS 0x000000003FFF0200 000040
[    0.000000] ACPI: APIC 0x000000003FFF0240 00005C (v02 VBOX   VBOXAPIC 00000001 ASL  00000061)
[    0.000000] ACPI: SSDT 0x000000003FFF02A0 0001CC (v01 VBOX   VBOXCPUT 00000002 INTL 20100528)
[    0.000000] No NUMA configuration found
[    0.000000] Faking a node at [mem 0x0000000000000000-0x000000003ffeffff]
[    0.000000] NODE_DATA(0) allocated [mem 0x3ffeb000-0x3ffeffff]
[    0.000000] kvm-clock: Using msrs 4b564d01 and 4b564d00
[    0.000000] kvm-clock: cpu 0, msr 0:3ffe3001, primary cpu clock
[    0.000000] kvm-clock: using sched offset of 3462505540 cycles
[    0.000000] clocksource: kvm-clock: mask: 0xffffffffffffffff max_cycles: 0x1cd42e4dffb, max_idle_ns: 881590591483 ns
[    0.000000] Zone ranges:
[    0.000000]   DMA      [mem 0x0000000000001000-0x0000000000ffffff]
[    0.000000]   DMA32    [mem 0x0000000001000000-0x000000003ffeffff]
[    0.000000]   Normal   empty
[    0.000000]   Device   empty
[    0.000000] Movable zone start for each node
[    0.000000] Early memory node ranges
[    0.000000]   node   0: [mem 0x0000000000001000-0x000000000009efff]
[    0.000000]   node   0: [mem 0x0000000000100000-0x000000003ffeffff]
[    0.000000] Initmem setup node 0 [mem 0x0000000000001000-0x000000003ffeffff]
[    0.000000] ACPI: PM-Timer IO Port: 0x4008
[    0.000000] IOAPIC[0]: apic_id 2, version 32, address 0xfec00000, GSI 0-23
[    0.000000] ACPI: INT_SRC_OVR (bus 0 bus_irq 0 global_irq 2 dfl dfl)
[    0.000000] ACPI: INT_SRC_OVR (bus 0 bus_irq 9 global_irq 9 low level)
[    0.000000] Using ACPI (MADT) for SMP configuration information
[    0.000000] smpboot: Allowing 2 CPUs, 0 hotplug CPUs
[    0.000000] PM: Registered nosave memory: [mem 0x00000000-0x00000fff]
[    0.000000] PM: Registered nosave memory: [mem 0x0009f000-0x0009ffff]
[    0.000000] PM: Registered nosave memory: [mem 0x000a0000-0x000effff]
[    0.000000] PM: Registered nosave memory: [mem 0x000f0000-0x000fffff]
[    0.000000] e820: [mem 0x40000000-0xfebfffff] available for PCI devices
[    0.000000] Booting paravirtualized kernel on KVM
[    0.000000] clocksource: refined-jiffies: mask: 0xffffffff max_cycles: 0xffffffff, max_idle_ns: 7645519600211568 ns
[    0.000000] setup_percpu: NR_CPUS:512 nr_cpumask_bits:512 nr_cpu_ids:2 nr_node_ids:1
[    0.000000] PERCPU: Embedded 34 pages/cpu @ffff88003fc00000 s99544 r8192 d31528 u1048576
[    0.000000] Built 1 zonelists in Node order, mobility grouping on.  Total pages: 257912
[    0.000000] Policy zone: DMA32
[    0.000000] Kernel command line: BOOT_IMAGE=/boot/vmlinuz-4.4.0-165-generic root=LABEL=cloudimg-rootfs ro console=tty1 console=ttyS0
[    0.000000] PID hash table entries: 4096 (order: 3, 32768 bytes)
[    0.000000] Memory: 997732K/1048120K available (8621K kernel code, 1335K rwdata, 4032K rodata, 1484K init, 1284K bss, 50388K reserved, 0K cma-reserved)
[    0.000000] SLUB: HWalign=64, Order=0-3, MinObjects=0, CPUs=2, Nodes=1
[    0.000000] Kernel/User page tables isolation: enabled
[    0.000000] Hierarchical RCU implementation.
[    0.000000] 	Build-time adjustment of leaf fanout to 64.
[    0.000000] 	RCU restricting CPUs from NR_CPUS=512 to nr_cpu_ids=2.
[    0.000000] RCU: Adjusting geometry for rcu_fanout_leaf=64, nr_cpu_ids=2
[    0.000000] NR_IRQS:33024 nr_irqs:440 16
[    0.000000] Console: colour VGA+ 80x25
[    0.000000] console [tty1] enabled
[    0.000000] console [ttyS0] enabled
[    0.000000] tsc: Detected 2712.002 MHz processor
[    0.190357] Calibrating delay loop (skipped) preset value.. 5424.00 BogoMIPS (lpj=10848008)
[    0.192751] pid_max: default: 32768 minimum: 301
[    0.194131] ACPI: Core revision 20150930
[    0.197371] ACPI: 2 ACPI AML tables successfully acquired and loaded
[    0.199261] Security Framework initialized
[    0.200452] Yama: becoming mindful.
[    0.201574] AppArmor: AppArmor initialized
[    0.203100] Dentry cache hash table entries: 131072 (order: 8, 1048576 bytes)
[    0.205794] Inode-cache hash table entries: 65536 (order: 7, 524288 bytes)
[    0.207769] Mount-cache hash table entries: 2048 (order: 2, 16384 bytes)
[    0.209559] Mountpoint-cache hash table entries: 2048 (order: 2, 16384 bytes)
[    0.211438] Initializing cgroup subsys io
[    0.212616] Initializing cgroup subsys memory
[    0.213920] Initializing cgroup subsys devices
[    0.215188] Initializing cgroup subsys freezer
[    0.216552] Initializing cgroup subsys net_cls
[    0.217908] Initializing cgroup subsys perf_event
[    0.219229] Initializing cgroup subsys net_prio
[    0.220534] Initializing cgroup subsys hugetlb
[    0.221909] Initializing cgroup subsys pids
[    0.224885] mce: CPU supports 0 MCE banks
[    0.226071] Last level iTLB entries: 4KB 64, 2MB 8, 4MB 8
[    0.227493] Last level dTLB entries: 4KB 64, 2MB 0, 4MB 0, 1GB 4
[    0.229078] Spectre V1 : Mitigation: usercopy/swapgs barriers and __user pointer sanitization
[    0.231489] Spectre V2 : Mitigation: Full generic retpoline
[    0.232973] Spectre V2 : Spectre v2 / SpectreRSB mitigation: Filling RSB on context switch
[    0.235311] Speculative Store Bypass: Vulnerable
[    0.236671] MDS: Vulnerable: Clear CPU buffers attempted, no microcode
[    0.241801] Freeing SMP alternatives memory: 36K
[    0.250519] ftrace: allocating 32318 entries in 127 pages
[    0.343492] smpboot: APIC(0) Converting physical 0 to logical package 0
[    0.346695] smpboot: Max logical packages: 1
[    0.348739] x2apic enabled
[    0.351139] Switched APIC routing to physical x2apic.
[    0.354708] ..TIMER: vector=0x30 apic1=0 pin1=2 apic2=-1 pin2=-1
[    0.461534] smpboot: CPU0: Intel(R) Core(TM) i5-7200U CPU @ 2.50GHz (family: 0x6, model: 0x8e, stepping: 0x9)
[    0.464509] Performance Events: unsupported p6 CPU model 142 no PMU driver, software events only.
[    0.477289] KVM setup paravirtual spinlock
[    0.479218] x86: Booting SMP configuration:
[    0.480402] .... node  #0, CPUs:      #1
[    0.481811] kvm-clock: cpu 1, msr 0:3ffe3041, secondary cpu clock
[    0.484398] mce: CPU supports 0 MCE banks
[    0.486983] x86: Booted up 1 node, 2 CPUs
[    0.488447] smpboot: Total of 2 processors activated (10848.00 BogoMIPS)
[    0.490771] devtmpfs: initialized
[    0.493566] evm: security.selinux
[    0.494681] evm: security.SMACK64
[    0.495800] evm: security.SMACK64EXEC
[    0.496934] evm: security.SMACK64TRANSMUTE
[    0.498147] evm: security.SMACK64MMAP
[    0.499302] evm: security.ima
[    0.500346] evm: security.capability
[    0.502080] clocksource: jiffies: mask: 0xffffffff max_cycles: 0xffffffff, max_idle_ns: 7645041785100000 ns
[    0.505042] futex hash table entries: 512 (order: 3, 32768 bytes)
[    0.506753] pinctrl core: initialized pinctrl subsystem
[    0.508409] RTC time: 13:02:49, date: 10/09/19
[    0.509735] NET: Registered protocol family 16
[    0.523510] cpuidle: using governor ladder
[    0.536807] cpuidle: using governor menu
[    0.538448] PCCT header not found.
[    0.539581] ACPI: bus type PCI registered
[    0.540876] acpiphp: ACPI Hot Plug PCI Controller Driver version: 0.5
[    0.542753] PCI: Using configuration type 1 for base access
[    0.556419] ACPI: Added _OSI(Module Device)
[    0.557791] ACPI: Added _OSI(Processor Device)
[    0.559180] ACPI: Added _OSI(3.0 _SCP Extensions)
[    0.560525] ACPI: Added _OSI(Processor Aggregator Device)
[    0.562820] ACPI: Executed 1 blocks of module-level executable AML code
[    0.567359] ACPI: Interpreter enabled
[    0.568494] ACPI: (supports S0 S5)
[    0.569634] ACPI: Using IOAPIC for interrupt routing
[    0.571132] PCI: Using host bridge windows from ACPI; if necessary, use "pci=nocrs" and report a bug
[    0.577835] ACPI: PCI Root Bridge [PCI0] (domain 0000 [bus 00-ff])
[    0.579543] acpi PNP0A03:00: _OSC: OS supports [ASPM ClockPM Segments MSI]
[    0.581682] acpi PNP0A03:00: _OSC: not requesting OS control; OS requires [ExtendedConfig ASPM ClockPM MSI]
[    0.584428] acpi PNP0A03:00: fail to add MMCONFIG information, can't access extended PCI configuration space under this bridge.
[    0.587826] PCI host bridge to bus 0000:00
[    0.589109] pci_bus 0000:00: root bus resource [io  0x0000-0x0cf7 window]
[    0.590909] pci_bus 0000:00: root bus resource [io  0x0d00-0xffff window]
[    0.592676] pci_bus 0000:00: root bus resource [mem 0x000a0000-0x000bffff window]
[    0.594977] pci_bus 0000:00: root bus resource [mem 0x40000000-0xfdffffff window]
[    0.597147] pci_bus 0000:00: root bus resource [bus 00-ff]
[    0.600858] pci 0000:00:01.1: legacy IDE quirk: reg 0x10: [io  0x01f0-0x01f7]
[    0.603018] pci 0000:00:01.1: legacy IDE quirk: reg 0x14: [io  0x03f6]
[    0.605316] pci 0000:00:01.1: legacy IDE quirk: reg 0x18: [io  0x0170-0x0177]
[    0.607165] pci 0000:00:01.1: legacy IDE quirk: reg 0x1c: [io  0x0376]
[    0.645294] pci 0000:00:07.0: quirk: [io  0x4000-0x403f] claimed by PIIX4 ACPI
[    0.647436] pci 0000:00:07.0: quirk: [io  0x4100-0x410f] claimed by PIIX4 SMB
[    0.662387] ACPI: PCI Interrupt Link [LNKA] (IRQs 5 9 10 *11)
[    0.664816] ACPI: PCI Interrupt Link [LNKB] (IRQs 5 9 *10 11)
[    0.667063] ACPI: PCI Interrupt Link [LNKC] (IRQs 5 *9 10 11)
[    0.669271] ACPI: PCI Interrupt Link [LNKD] (IRQs 5 9 10 *11)
[    0.671485] ACPI: Enabled 2 GPEs in block 00 to 07
[    0.673196] vgaarb: setting as boot device: PCI:0000:00:02.0
[    0.674674] vgaarb: device added: PCI:0000:00:02.0,decodes=io+mem,owns=io+mem,locks=none
[    0.676871] vgaarb: loaded
[    0.677811] vgaarb: bridge control possible 0000:00:02.0
[    0.679583] SCSI subsystem initialized
[    0.680934] ACPI: bus type USB registered
[    0.682395] usbcore: registered new interface driver usbfs
[    0.683870] usbcore: registered new interface driver hub
[    0.685340] usbcore: registered new device driver usb
[    0.687019] PCI: Using ACPI for IRQ routing
[    0.688540] NetLabel: Initializing
[    0.689593] NetLabel:  domain hash size = 128
[    0.690954] NetLabel:  protocols = UNLABELED CIPSOv4
[    0.693037] NetLabel:  unlabeled traffic allowed by default
[    0.694818] amd_nb: Cannot enumerate AMD northbridges
[    0.696320] clocksource: Switched to clocksource kvm-clock
[    0.705804] AppArmor: AppArmor Filesystem Enabled
[    0.707197] pnp: PnP ACPI init
[    0.709155] pnp: PnP ACPI: found 3 devices
[    0.721844] clocksource: acpi_pm: mask: 0xffffff max_cycles: 0xffffff, max_idle_ns: 2085701024 ns
[    0.724265] NET: Registered protocol family 2
[    0.725648] TCP established hash table entries: 8192 (order: 4, 65536 bytes)
[    0.727405] TCP bind hash table entries: 8192 (order: 5, 131072 bytes)
[    0.729149] TCP: Hash tables configured (established 8192 bind 8192)
[    0.731655] UDP hash table entries: 512 (order: 2, 16384 bytes)
[    0.733256] UDP-Lite hash table entries: 512 (order: 2, 16384 bytes)
[    0.734933] NET: Registered protocol family 1
[    0.736140] pci 0000:00:00.0: Limiting direct PCI/PCI transfers
[    0.737709] pci 0000:00:01.0: Activating ISA DMA hang workarounds
[    0.739435] Unpacking initramfs...
[    0.972623] Freeing initrd memory: 14828K
[    0.974083] clocksource: tsc: mask: 0xffffffffffffffff max_cycles: 0x2717880cafa, max_idle_ns: 440795252614 ns
[    0.977474] platform rtc_cmos: registered platform RTC device (no PNP device found)
[    0.980632] Scanning for low memory corruption every 60 seconds
[    0.983187] audit: initializing netlink subsys (disabled)
[    0.985271] audit: type=2000 audit(1570626175.479:1): initialized
[    0.987785] Initialise system trusted keyring
[    0.989727] HugeTLB registered 2 MB page size, pre-allocated 0 pages
[    0.993668] zbud: loaded
[    0.995292] VFS: Disk quotas dquot_6.6.0
[    0.996505] VFS: Dquot-cache hash table entries: 512 (order 0, 4096 bytes)
[    0.998636] squashfs: version 4.0 (2009/01/31) Phillip Lougher
[    1.000632] fuse init (API version 7.23)
[    1.002271] Key type big_key registered
[    1.003734] Allocating IMA MOK and blacklist keyrings.
[    1.006995] Key type asymmetric registered
[    1.008447] Asymmetric key parser 'x509' registered
[    1.010221] Block layer SCSI generic (bsg) driver version 0.4 loaded (major 249)
[    1.012440] io scheduler noop registered
[    1.014141] io scheduler deadline registered (default)
[    1.016440] io scheduler cfq registered
[    1.018273] pci_hotplug: PCI Hot Plug PCI Core version: 0.5
[    1.020323] pciehp: PCI Express Hot Plug Controller Driver version: 0.4
[    1.023127] ACPI: AC Adapter [AC] (on-line)
[    1.024959] input: Power Button as /devices/LNXSYSTM:00/LNXPWRBN:00/input/input0
[    1.027960] ACPI: Power Button [PWRF]
[    1.029603] input: Sleep Button as /devices/LNXSYSTM:00/LNXSLPBN:00/input/input1
[    1.032498] ACPI: Sleep Button [SLPF]
[    1.034258] GHES: HEST is not enabled!
[    1.035360] ACPI: Battery Slot [BAT0] (battery present)
[    1.038174] Serial: 8250/16550 driver, 32 ports, IRQ sharing enabled
[    1.061200] 00:02: ttyS0 at I/O 0x3f8 (irq = 4, base_baud = 115200) is a 16550A
[    1.067082] Linux agpgart interface v0.103
[    1.069945] loop: module loaded
[    1.071494] scsi host0: ata_piix
[    1.072573] scsi host1: ata_piix
[    1.073555] ata1: PATA max UDMA/33 cmd 0x1f0 ctl 0x3f6 bmdma 0xd000 irq 14
[    1.075190] ata2: PATA max UDMA/33 cmd 0x170 ctl 0x376 bmdma 0xd008 irq 15
[    1.076836] libphy: Fixed MDIO Bus: probed
[    1.078192] tun: Universal TUN/TAP device driver, 1.6
[    1.079453] tun: (C) 1999-2004 Max Krasnyansky <maxk@qualcomm.com>
[    1.081014] PPP generic driver version 2.4.2
[    1.082263] ehci_hcd: USB 2.0 'Enhanced' Host Controller (EHCI) Driver
[    1.083762] ehci-pci: EHCI PCI platform driver
[    1.084977] ehci-platform: EHCI generic platform driver
[    1.086229] ohci_hcd: USB 1.1 'Open' Host Controller (OHCI) Driver
[    1.087660] ohci-pci: OHCI PCI platform driver
[    1.088786] ohci-platform: OHCI generic platform driver
[    1.090122] uhci_hcd: USB Universal Host Controller Interface driver
[    1.091684] i8042: PNP: PS/2 Controller [PNP0303:PS2K,PNP0f03:PS2M] at 0x60,0x64 irq 1,12
[    1.094317] serio: i8042 KBD port at 0x60,0x64 irq 1
[    1.095540] serio: i8042 AUX port at 0x60,0x64 irq 12
[    1.096951] mousedev: PS/2 mouse device common for all mice
[    1.098660] input: AT Translated Set 2 keyboard as /devices/platform/i8042/serio0/input/input2
[    1.101754] rtc_cmos rtc_cmos: rtc core: registered rtc_cmos as rtc0
[    1.103276] rtc_cmos rtc_cmos: alarms up to one day, 114 bytes nvram
[    1.105056] i2c /dev entries driver
[    1.106084] device-mapper: uevent: version 1.0.3
[    1.107422] device-mapper: ioctl: 4.34.0-ioctl (2015-10-28) initialised: dm-devel@redhat.com
[    1.109592] ledtrig-cpu: registered to indicate activity on CPUs
[    1.111492] NET: Registered protocol family 10
[    1.112869] NET: Registered protocol family 17
[    1.114013] Key type dns_resolver registered
[    1.115761] registered taskstats version 1
[    1.117037] Loading compiled-in X.509 certificates
[    1.118892] Loaded X.509 cert 'Build time autogenerated kernel key: 0ed82eac04367aa6426493b1389455ebf6830eaa'
[    1.121667] zswap: loaded using pool lzo/zbud
[    1.124670] Key type trusted registered
[    1.129201] Key type encrypted registered
[    1.130393] AppArmor: AppArmor sha1 policy hashing enabled
[    1.131895] ima: No TPM chip found, activating TPM-bypass!
[    1.133436] ima: Allocated hash algorithm: sha1
[    1.134768] evm: HMAC attrs: 0x1
[    1.136216]   Magic number: 7:41:28
[    1.137442] rtc_cmos rtc_cmos: setting system clock to 2019-10-09 13:02:50 UTC (1570626170)
[    1.139975] BIOS EDD facility v0.16 2004-Jun-25, 0 devices found
[    1.141639] EDD information not available.
[    1.235447] Freeing unused kernel memory: 1484K
[    1.238755] Write protecting the kernel read-only data: 14336k
[    1.243710] Freeing unused kernel memory: 1608K
[    1.247401] Freeing unused kernel memory: 64K
Loading, please wait...
starting version 229
[    1.272191] random: systemd-udevd: uninitialized urandom read (16 bytes read, 3 bits of entropy available)
[    1.273648] random: udevadm: uninitialized urandom read (16 bytes read, 3 bits of entropy available)
[    1.273699] random: udevadm: uninitialized urandom read (16 bytes read, 3 bits of entropy available)
[    1.282866] random: systemd-udevd: uninitialized urandom read (16 bytes read, 3 bits of entropy available)
[    1.286402] random: systemd-udevd: uninitialized urandom read (16 bytes read, 3 bits of entropy available)
[    1.289132] random: udevadm: uninitialized urandom read (16 bytes read, 3 bits of entropy available)
[    1.289180] random: udevadm: uninitialized urandom read (16 bytes read, 3 bits of entropy available)
[    1.289345] random: udevadm: uninitialized urandom read (16 bytes read, 3 bits of entropy available)
[    1.289405] random: udevadm: uninitialized urandom read (16 bytes read, 3 bits of entropy available)
[    1.289463] random: udevadm: uninitialized urandom read (16 bytes read, 3 bits of entropy available)
[    1.339408] e1000: Intel(R) PRO/1000 Network Driver - version 7.3.21-k8-NAPI
[    1.341373] e1000: Copyright (c) 1999-2006 Intel Corporation.
[    1.350680] Fusion MPT base driver 3.04.20
[    1.352312] Copyright (c) 1999-2008 LSI Corporation
[    1.358905] Fusion MPT SPI Host driver 3.04.20
[    1.365427] AVX2 version of gcm_enc/dec engaged.
[    1.366644] AES CTR mode by8 optimization enabled
[    1.561928] input: ImExPS/2 Generic Explorer Mouse as /devices/platform/i8042/serio1/input/input4
[    1.762421] e1000 0000:00:03.0 eth0: (PCI:33MHz:32-bit) 02:0e:9b:2d:5b:92
[    1.764203] e1000 0000:00:03.0 eth0: Intel(R) PRO/1000 Network Connection
[    1.766934] mptbase: ioc0: Initiating bringup
[    2.001634] ioc0: LSI53C1030 A0: Capabilities={Initiator}
[    3.141023] scsi host2: ioc0: LSI53C1030 A0, FwRev=00000000h, Ports=1, MaxQ=256, IRQ=20
[    3.523937] scsi 2:0:0:0: Direct-Access     VBOX     HARDDISK         1.0  PQ: 0 ANSI: 5
[    3.532642] scsi target2:0:0: Beginning Domain Validation
[    3.543325] scsi target2:0:0: Domain Validation skipping write tests
[    3.547454] scsi target2:0:0: Ending Domain Validation
[    3.551389] scsi target2:0:0: asynchronous
[    3.560704] scsi 2:0:1:0: Direct-Access     VBOX     HARDDISK         1.0  PQ: 0 ANSI: 5
[    3.566015] scsi target2:0:1: Beginning Domain Validation
[    3.572990] scsi target2:0:1: Domain Validation skipping write tests
[    3.576649] scsi target2:0:1: Ending Domain Validation
[    3.579976] scsi target2:0:1: asynchronous
[    3.599275] sd 2:0:0:0: Attached scsi generic sg0 type 0
[    3.618184] sd 2:0:0:0: [sda] 20971520 512-byte logical blocks: (10.7 GB/10.0 GiB)
[    3.620608] sd 2:0:0:0: [sda] Write Protect is off
[    3.622139] sd 2:0:0:0: [sda] Incomplete mode parameter data
[    3.623571] sd 2:0:0:0: [sda] Assuming drive cache: write through
[    3.626277] sd 2:0:1:0: [sdb] 20480 512-byte logical blocks: (10.5 MB/10.0 MiB)
[    3.628759] sd 2:0:1:0: Attached scsi generic sg1 type 0
[    3.630877] sd 2:0:1:0: [sdb] Write Protect is off
[    3.632453] sd 2:0:1:0: [sdb] Incomplete mode parameter data
[    3.633944] sd 2:0:1:0: [sdb] Assuming drive cache: write through
[    3.639372]  sda: sda1
[    3.641552] sd 2:0:0:0: [sda] Attached SCSI disk
[    3.643352] sd 2:0:1:0: [sdb] Attached SCSI disk
[    3.968556] e1000 0000:00:08.0 eth1: (PCI:33MHz:32-bit) 08:00:27:d6:3d:ba
[    3.970499] e1000 0000:00:08.0 eth1: Intel(R) PRO/1000 Network Connection
[    3.973495] e1000 0000:00:03.0 enp0s3: renamed from eth0
[    3.993134] e1000 0000:00:08.0 enp0s8: renamed from eth1
Begin: Loading essential drivers ... [    5.536626] md: linear personality registered for level -1
[    5.540132] md: multipath personality registered for level -4
[    5.543706] md: raid0 personality registered for level 0
[    5.548775] md: raid1 personality registered for level 1
[    5.620411] raid6: sse2x1   gen() 10461 MB/s
[    5.688731] raid6: sse2x1   xor()  7792 MB/s
[    5.756593] raid6: sse2x2   gen() 12892 MB/s
[    5.824358] raid6: sse2x2   xor()  7642 MB/s
[    5.892712] raid6: sse2x4   gen() 14513 MB/s
[    5.961331] raid6: sse2x4   xor()  9480 MB/s
[    6.028853] raid6: avx2x1   gen() 14788 MB/s
[    6.096651] raid6: avx2x2   gen() 18608 MB/s
[    6.164493] raid6: avx2x4   gen() 26039 MB/s
[    6.165604] raid6: using algorithm avx2x4 gen() 26039 MB/s
[    6.166924] raid6: using avx2x2 recovery algorithm
[    6.169353] xor: automatically using best checksumming function:
[    6.208907]    avx       : 22607.000 MB/sec
[    6.211623] async_tx: api initialized (async)
[    6.226264] md: raid6 personality registered for level 6
[    6.227893] md: raid5 personality registered for level 5
[    6.229314] md: raid4 personality registered for level 4
[    6.237780] md: raid10 personality registered for level 10
done.
Begin: Running /scripts/init-premount ... done.
Begin: Mounting root file system ... Begin: Running /scripts/local-top ... done.
Begin: Running /scripts/local-premount ... [    6.271711] Btrfs loaded
Scanning for Btrfs filesystems
done.
Warning: fsck not present, so skipping root file system
[    6.306416] EXT4-fs (sda1): mounted filesystem with ordered data mode. Opts: (null)
done.
Begin: Running /scripts/local-bottom ... done.
Begin: Running /scripts/init-bottom ... done.
[    6.427051] systemd[1]: systemd 229 running in system mode. (+PAM +AUDIT +SELINUX +IMA +APPARMOR +SMACK +SYSVINIT +UTMP +LIBCRYPTSETUP +GCRYPT +GNUTLS +ACL +XZ -LZ4 +SECCOMP +BLKID +ELFUTILS +KMOD -IDN)
[    6.431254] systemd[1]: Detected virtualization oracle.
[    6.432546] systemd[1]: Detected architecture x86-64.

Welcome to [1mUbuntu 16.04.6 LTS[0m!

[    6.437496] systemd[1]: Set hostname to <ubuntu-xenial>.
[    6.610583] systemd[1]: Listening on /dev/initctl Compatibility Named Pipe.
[[0;32m  OK  [0m] Listening on /dev/initctl Compatibility Named Pipe.
[    6.622003] systemd[1]: Created slice System Slice.
[[0;32m  OK  [0m] Created slice System Slice.
[    6.624704] systemd[1]: Listening on Journal Socket (/dev/log).
[[0;32m  OK  [0m] Listening on Journal Socket (/dev/log).
[    6.627425] systemd[1]: Listening on Journal Socket.
[[0;32m  OK  [0m] Listening on Journal Socket.
[    6.640428] systemd[1]: Mounting Huge Pages File System...
         Mounting Huge Pages File System...
[    6.643853] systemd[1]: Starting Set console keymap...
         Starting Set console keymap...
[    6.646839] systemd[1]: Reached target User and Group Name Lookups.
[[0;32m  OK  [0m] Reached target User and Group Name Lookups.
[    6.650960] systemd[1]: Mounting POSIX Message Queue File System...
         Mounting POSIX Message Queue File System...
[    6.653721] systemd[1]: Created slice User and Session Slice.
[[0;32m  OK  [0m] Created slice User and Session Slice.
[    6.656941] systemd[1]: Listening on LVM2 poll daemon socket.
[[0;32m  OK  [0m] Listening on LVM2 poll daemon socket.
[    6.660646] systemd[1]: Listening on udev Kernel Socket.
[[0;32m  OK  [0m] Listening on udev Kernel Socket.
[    6.664052] systemd[1]: Listening on Journal Audit Socket.
[[0;32m  OK  [0m] Listening on Journal Audit Socket.
[    6.672718] systemd[1]: Listening on udev Control Socket.
[[0;32m  OK  [0m] Listening on udev Control Socket.
[    6.701950] systemd[1]: Starting Nameserver information manager...
         Starting Nameserver information manager...
[    6.705527] systemd[1]: Reached target Slices.
[[0;32m  OK  [0m] Reached target Slices.
[    6.712919] systemd[1]: Created slice system-serial\x2dgetty.slice.
[[0;32m  OK  [0m] Created slice system-serial\x2dgetty.slice.
[    6.721066] systemd[1]: Mounting Debug File System...
         Mounting Debug File System...
[    6.724700] systemd[1]: Starting Uncomplicated firewall...
         Starting Uncomplicated firewall...
[    6.731620] systemd[1]: Starting Create list of required static device nodes for the current kernel...
         Starting Create list of required st... nodes for the current kernel...
[    6.737206] systemd[1]: Listening on Device-mapper event daemon FIFOs.
[[0;32m  OK  [0m] Listening on Device-mapper event daemon FIFOs.
[    6.741897] systemd[1]: Starting Remount Root and Kernel File Systems...
         Starting Remount Root and Kernel File Systems...
[    6.745388] systemd[1]: Set up automount Arbitrary Executable File Formats File System Automount Point.
[    6.748165] EXT4-fs (sda1): re-mounted. Opts: (null)
[[0;32m  OK  [0m] Set up automount Arbitrary Executab...ats File System Automount Point.
[    6.754753] systemd[1]: Starting Load Kernel Modules...
         Starting Load Kernel Modules...
[    6.757508] systemd[1]: Reached target Swap.
[[0;32m  OK  [0m] Reached target Swap.
[    6.760984] systemd[1]: Reached target Encrypted Volumes.
[[0;32m  OK  [0m] Reached target Encrypted Volumes.
[    6.764070] systemd[1]: Started Forward Password Requests to Wall Directory Watch.
[[0;32m  OK  [0m] Started Forward Password Requests to Wall Directory Watch.
[    6.767808] Loading iSCSI transport class v2.0-870.
[    6.769280] systemd[1]: Reached target System Time Synchronized.
[[0;32m  OK  [0m] Reached target System Time Synchronized.
[    6.772599] systemd[1]: Listening on LVM2 metadata daemon socket.
[[0;32m  OK  [0m] Listening on LVM2 metadata daemon socket.
[    6.779913] iscsi: registered transport (tcp)
[    6.800513] systemd[1]: Starting Monitoring of LVM2 mirrors, snapshots etc. using dmeventd or progress polling...
         Starting Monitoring of LVM2 mirrors... dmeventd or progress polling...
[    6.812793] systemd[1]: Started Trigger resolvconf update for networkd DNS.
[    6.815266] iscsi: registered transport (iser)
[[0;32m  OK  [0m] Started Trigger resolvconf update for networkd DNS.
[    6.818829] systemd[1]: Listening on Syslog Socket.
[[0;32m  OK  [0m] Listening on Syslog Socket.
[    6.822357] systemd[1]: Starting Journal Service...
         Starting Journal Service...
[    6.826809] systemd[1]: Mounted POSIX Message Queue File System.
[[0;32m  OK  [0m] Mounted POSIX Message Queue File System.
[    6.829801] systemd[1]: Mounted Debug File System.
[[0;32m  OK  [0m] Mounted Debug File System.
[    6.837162] systemd[1]: Mounted Huge Pages File System.
[[0;32m  OK  [0m] Mounted Huge Pages File System.
[    6.840211] systemd[1]: Started Set console keymap.
[[0;32m  OK  [0m] Started Set console keymap.
[    6.861348] systemd[1]: Started Uncomplicated firewall.
[[0;32m  OK  [0m] Started Uncomplicated firewall.
[    6.864938] systemd[1]: Started Create list of required static device nodes for the current kernel.
[[0;32m  OK  [0m] Started Create list of required sta...ce nodes for the current kernel.
[    6.869947] systemd[1]: Started Remount Root and Kernel File Systems.
[[0;32m  OK  [0m] Started Remount Root and Kernel File Systems.
[    6.881650] systemd[1]: Started Load Kernel Modules.
[[0;32m  OK  [0m] Started Load Kernel Modules.
[    6.897209] systemd[1]: Started Nameserver information manager.
[[0;32m  OK  [0m] Started Nameserver information manager.
[    6.902170] systemd[1]: Started Journal Service.
[[0;32m  OK  [0m] Started Journal Service.
[[0;32m  OK  [0m] Started LVM2 metadata daemon.
         Starting Apply Kernel Variables...
         Mounting FUSE Control File System...
         Starting udev Coldplug all Devices...
         Starting Load/Save Random Seed...
         Starting Flush Journal to Persistent Storage...
         Starting Create Static Device Nodes in /dev...
[[0;32m  OK  [0m] Mounted FUSE Control File System.
[[0;32m  OK  [0m] Started Apply Kernel Variables.
[[0;32m  OK  [0m] Started Load/Save Random Seed.
[[0;32m  OK  [0m] Started Create Static Device Nodes in /dev.
[[0;32m  OK  [0m] Started Flush Journal to Persistent Storage.
         Starting udev Kernel Device Manager...
[[0;32m  OK  [0m] Started udev Coldplug all Devices.
[[0;32m  OK  [0m] Started udev Kernel Device Manager.
[[0;32m  OK  [0m] Started Dispatch Password Requests to Console Directory Watch.
[[0;32m  OK  [0m] Started Monitoring of LVM2 mirrors,...ng dmeventd or progress polling.
[[0;32m  OK  [0m] Reached target Local File Systems (Pre).
[[0;32m  OK  [0m] Reached target Local File Systems.
         Starting Initial cloud-init job (pre-networking)...
         Starting LSB: AppArmor initialization...
         Starting Set console font and keymap...
         Starting Create Volatile Files and Directories...
         Starting Tell Plymouth To Write Out Runtime Data...
[[0;32m  OK  [0m] Found device /dev/ttyS0.
[[0;32m  OK  [0m] Started Create Volatile Files and Directories.
[[0;32m  OK  [0m] Started Tell Plymouth To Write Out Runtime Data.
         Starting Update UTMP about System Boot/Shutdown...
[[0;32m  OK  [0m] Started Update UTMP about System Boot/Shutdown.
[[0;32m  OK  [0m] Found device 82540EM Gigabit Ethern...r (PRO/1000 MT Desktop Adapter).
[[0;32m  OK  [0m] Listening on Load/Save RF Kill Switch Status /dev/rfkill Watch.
[[0;32m  OK  [0m] Found device 82540EM Gigabit Ethern...r (PRO/1000 MT Desktop Adapter).
[[0;32m  OK  [0m] Started LSB: AppArmor initialization.
[    8.241401] cloud-init[527]: Cloud-init v. 19.2-36-g059d049c-0ubuntu1~16.04.1 running 'init-local' at Wed, 09 Oct 2019 13:02:57 +0000. Up 7.84 seconds.
[[0;32m  OK  [0m] Started Initial cloud-init job (pre-networking).
[[0;32m  OK  [0m] Reached target Network (Pre).
[[0;32m  OK  [0m] Started ifup for enp0s3.
[[0;32m  OK  [0m] Started ifup for enp0s8.
         Starting Raise network interfaces...
[[0;32m  OK  [0m] Started Set console font and keymap.
[[0;32m  OK  [0m] Created slice system-getty.slice.
[[0;32m  OK  [0m] Started Raise network interfaces.
         Starting Initial cloud-init job (metadata service crawler)...
[[0;32m  OK  [0m] Reached target Network.
[    9.920766] cloud-init[1079]: Cloud-init v. 19.2-36-g059d049c-0ubuntu1~16.04.1 running 'init' at Wed, 09 Oct 2019 13:02:59 +0000. Up 9.39 seconds.
[    9.923471] cloud-init[1079]: ci-info: ++++++++++++++++++++++++++++++++++++++Net device info+++++++++++++++++++++++++++++++++++++++
[    9.926049] cloud-init[1079]: ci-info: +--------+------+-----------------------------+---------------+--------+-------------------+
[    9.928678] cloud-init[1079]: ci-info: | Device |  Up  |           Address           |      Mask     | Scope  |     Hw-Address    |
[    9.932055] cloud-init[1079]: ci-info: +--------+------+-----------------------------+---------------+--------+-------------------+
[    9.935201] cloud-init[1079]: ci-info: | enp0s3 | True |          10.0.2.15          | 255.255.255.0 | global | 02:0e:9b:2d:5b:92 |
[    9.938799] cloud-init[1079]: ci-info: | enp0s3 | True |  fe80::e:9bff:fe2d:5b92/64  |       .       |  link  | 02:0e:9b:2d:5b:92 |
[    9.941780] cloud-init[1079]: ci-info: | enp0s8 | True |        192.168.10.100       | 255.255.255.0 | global | 08:00:27:d6:3d:ba |
[    9.944237] cloud-init[1079]: ci-info: | enp0s8 | True | fe80::a00:27ff:fed6:3dba/64 |       .       |  link  | 08:00:27:d6:3d:ba |
[    9.946360] cloud-init[1079]: ci-info: |   lo   | True |          127.0.0.1          |   255.0.0.0   |  host  |         .         |
[    9.948453] cloud-init[1079]: ci-info: |   lo   | True |           ::1/128           |       .       |  host  |         .         |
[    9.950574] cloud-init[1079]: ci-info: +--------+------+-----------------------------+---------------+--------+-------------------+
[    9.954130] cloud-init[1079]: ci-info: ++++++++++++++++++++++++++++Route IPv4 info++++++++++++++++++++++++++++
[    9.957425] cloud-init[1079]: ci-info: +-------+--------------+----------+---------------+-----------+-------+
[    9.965091] cloud-init[1079]: ci-info: | Route | Destination  | Gateway  |    Genmask    | Interface | Flags |
[    9.968227] cloud-init[1079]: ci-info: +-------+--------------+----------+---------------+-----------+-------+
[    9.971427] cloud-init[1079]: ci-info: |   0   |   0.0.0.0    | 10.0.2.2 |    0.0.0.0    |   enp0s3  |   UG  |
[    9.973883] cloud-init[1079]: ci-info: |   1   |   10.0.2.0   | 0.0.0.0  | 255.255.255.0 |   enp0s3  |   U   |
[    9.976343] cloud-init[1079]: ci-info: |   2   | 192.168.10.0 | 0.0.0.0  | 255.255.255.0 |   enp0s8  |   U   |
[    9.979976] cloud-init[1079]: ci-info: +-------+--------------+----------+---------------+-----------+-------+
[    9.984357] cloud-init[1079]: ci-info: +++++++++++++++++++Route IPv6 info+++++++++++++++++++
[    9.987028] cloud-init[1079]: ci-info: +-------+-------------+---------+-----------+-------+
[    9.997188] cloud-init[1079]: ci-info: | Route | Destination | Gateway | Interface | Flags |
[    9.999167] cloud-init[1079]: ci-info: +-------+-------------+---------+-----------+-------+
[   10.001981] cloud-init[1079]: ci-info: |   0   |  fe80::/64  |    ::   |   enp0s3  |   U   |
[   10.004084] cloud-init[1079]: ci-info: |   1   |  fe80::/64  |    ::   |   enp0s8  |   U   |
[   10.012927] cloud-init[1079]: ci-info: |   4   |   ff00::/8  |    ::   |   enp0s3  |   U   |
[   10.015430] cloud-init[1079]: ci-info: |   5   |   ff00::/8  |    ::   |   enp0s8  |   U   |
[   10.024591] cloud-init[1079]: ci-info: +-------+-------------+---------+-----------+-------+
[[0;32m  OK  [0m] Started Initial cloud-init job (metadata service crawler).
[[0;32m  OK  [0m] Reached target Network is Online.
         Starting iSCSI initiator daemon (iscsid)...
[[0;32m  OK  [0m] Reached target Cloud-config availability.
[[0;32m  OK  [0m] Reached target System Initialization.
[[0;32m  OK  [0m] Started Daily apt download activities.
[[0;32m  OK  [0m] Started Daily Cleanup of Temporary Directories.
[[0;32m  OK  [0m] Listening on ACPID Listen Socket.
         Starting LXD - unix socket.
[[0;32m  OK  [0m] Started Daily apt upgrade and clean activities.
         Starting Socket activation for snappy daemon.
[[0;32m  OK  [0m] Started ACPI Events Check.
[[0;32m  OK  [0m] Reached target Paths.
[[0;32m  OK  [0m] Listening on D-Bus System Message Bus Socket.
[[0;32m  OK  [0m] Reached target Timers.
[[0;32m  OK  [0m] Listening on UUID daemon activation socket.
[[0;32m  OK  [0m] Listening on LXD - unix socket.
[[0;32m  OK  [0m] Listening on Socket activation for snappy daemon.
[[0;32m  OK  [0m] Started iSCSI initiator daemon (iscsid).
         Starting Login to default iSCSI targets...
[[0;32m  OK  [0m] Reached target Sockets.
[[0;32m  OK  [0m] Reached target Basic System.
[[0;32m  OK  [0m] Started Deferred execution scheduler.
[[0;32m  OK  [0m] Started FUSE filesystem for LXC.
         Starting LXD - container startup/shutdown...
         Starting Snappy daemon...
[[0;32m  OK  [0m] Started ACPI event daemon.
         Starting Accounts Service...
         Starting System Logging Service...
         Starting /etc/rc.local Compatibility...
[[0;32m  OK  [0m] Started Regular background program processing daemon.
         Starting OpenBSD Secure Shell server...
[[0;32m  OK  [0m] Started D-Bus System Message Bus.
         Starting Login Service...
         Starting Virtualbox guest utils...
         Starting LSB: Record successful boot for GRUB...
         Starting LSB: MD monitoring daemon...
         Starting A high performance web server and a reverse proxy server...
[[0;32m  OK  [0m] Started System Logging Service.
[[0;32m  OK  [0m] Started /etc/rc.local Compatibility.
[[0;32m  OK  [0m] Started OpenBSD Secure Shell server.
[[0;32m  OK  [0m] Started Login to default iSCSI targets.
[[0;32m  OK  [0m] Started LXD - container startup/shutdown.
[[0;32m  OK  [0m] Started A high performance web server and a reverse proxy server.
[[0;32m  OK  [0m] Started LSB: MD monitoring daemon.
[[0;32m  OK  [0m] Started LSB: Record successful boot for GRUB.
[[0;32m  OK  [0m] Started Snappy daemon.
[[0;32m  OK  [0m] Started Login Service.
[[0;32m  OK  [0m] Started Unattended Upgrades Shutdown.
         Starting Wait until snapd is fully seeded...
         Starting Authenticate and Authorize Users to Run Privileged Tasks...
[[0;32m  OK  [0m] Reached target Remote File Systems (Pre).
[[0;32m  OK  [0m] Reached target Remote File Systems.
         Starting LSB: daemon to balance interrupts for SMP systems...
         Starting LSB: automatic crash report generation...
         Starting Permit User Sessions...
         Starting LSB: Set the CPU Frequency Scaling governor to "ondemand"...
[[0;32m  OK  [0m] Started Virtualbox guest utils.
[[0;32m  OK  [0m] Started Permit User Sessions.
[[0;32m  OK  [0m] Started Authenticate and Authorize Users to Run Privileged Tasks.
[[0;32m  OK  [0m] Started Accounts Service.
         Starting Hold until boot process finishes up...
         Starting Terminate Plymouth Boot Screen...
[[0;32m  OK  [0m] Started Wait until snapd is fully seeded.
[[0;32m  OK  [0m] Started LSB: daemon to balance interrupts for SMP systems.
[[0;32m  OK  [0m] Started LSB: Set the CPU Frequency Scaling governor to "ondemand".
[[0;32m  OK  [0m] Started LSB: automatic crash report generation.
[[0;32m  OK  [0m] Started Hold until boot process finishes up.
[[0;32m  OK  [0m] Started Terminate Plymouth Boot Screen.
[[0;32m  OK  [0m] Started Getty on tty1.
         Starting Set console scheme...
[[0;32m  OK  [0m] Started Serial Getty on ttyS0.
[[0;32m  OK  [0m] Reached target Login Prompts.
         Starting Apply the settings specified in cloud-config...
[[0;32m  OK  [0m] Reached target Multi-User System.
[[0;32m  OK  [0m] Reached target Graphical Interface.
         Starting Update UTMP about System Runlevel Changes...
[[0;32m  OK  [0m] Started Set console scheme.
[[0;32m  OK  [0m] Started Update UTMP about System Runlevel Changes.
[   11.328085] cloud-init[1347]: Cloud-init v. 19.2-36-g059d049c-0ubuntu1~16.04.1 running 'modules:config' at Wed, 09 Oct 2019 13:03:00 +0000. Up 11.18 seconds.
[[0;32m  OK  [0m] Started Apply the settings specified in cloud-config.
         Starting Execute cloud user/final scripts...
[[0;32m  OK  [0m] Created slice User Slice of vagrant.
         Starting User Manager for UID 1000...
[[0;32m  OK  [0m] Started Session 1 of user vagrant.
[[0;32m  OK  [0m] Started User Manager for UID 1000.
[   12.085445] cloud-init[1361]: Cloud-init v. 19.2-36-g059d049c-0ubuntu1~16.04.1 running 'modules:final' at Wed, 09 Oct 2019 13:03:01 +0000. Up 11.92 seconds.
[   12.089266] cloud-init[1361]: Cloud-init v. 19.2-36-g059d049c-0ubuntu1~16.04.1 finished at Wed, 09 Oct 2019 13:03:01 +0000. Datasource DataSourceNoCloud [seed=/dev/sdb][dsmode=net].  Up 12.07 seconds
[[0;32m  OK  [0m] Started Execute cloud user/final scripts.
[[0;32m  OK  [0m] Reached target Cloud-init target.

Ubuntu 16.04.6 LTS ubuntu-xenial ttyS0

ubuntu-xenial login: 